[2026-02-12 13:42:07,223] 1025 httpx - INFO - HTTP Request: GET https://dagshub.com/api/v1/user "HTTP/1.1 200 OK"
[2026-02-12 13:42:07,237] 107 dagshub - INFO - Accessing as abhiramthota2210
[2026-02-12 13:42:08,545] 1025 httpx - INFO - HTTP Request: GET https://dagshub.com/api/v1/repos/abhiramthota2210/networksecurity "HTTP/1.1 200 OK"
[2026-02-12 13:42:09,464] 1025 httpx - INFO - HTTP Request: GET https://dagshub.com/api/v1/user "HTTP/1.1 200 OK"
[2026-02-12 13:42:09,469] 107 dagshub - INFO - Initialized MLflow to track repo "abhiramthota2210/networksecurity"
[2026-02-12 13:42:09,471] 107 dagshub - INFO - Repository abhiramthota2210/networksecurity initialized!
[2026-02-12 13:42:09,481] 17 root - INFO - Initiate data ingestion
[2026-02-12 13:42:14,676] 73 root - INFO - Performed train test split on the dataframe
[2026-02-12 13:42:14,677] 75 root - INFO - Excited split_data_as_train_test method of Data_Ingestion class
[2026-02-12 13:42:14,678] 79 root - INFO - Exporting train and test file path.
[2026-02-12 13:42:14,770] 84 root - INFO - Exported train and test path.
[2026-02-12 13:42:14,771] 20 root - INFO - Data initiation completed
[2026-02-12 13:42:14,783] 25 root - INFO - Initiate data validation
[2026-02-12 13:42:14,925] 36 root - INFO - Required number of columns: 2
[2026-02-12 13:42:14,925] 37 root - INFO - Dataframe has columns: 31
[2026-02-12 13:42:14,925] 36 root - INFO - Required number of columns: 2
[2026-02-12 13:42:14,925] 37 root - INFO - Dataframe has columns: 31
[2026-02-12 13:42:15,197] 28 root - INFO - Data validation completed
[2026-02-12 13:42:15,197] 29 root - INFO - Initiate data Transformation
[2026-02-12 13:42:15,197] 61 root - INFO - Entered initiate_data_transformation method of DataTransformation class
[2026-02-12 13:42:15,198] 64 root - INFO - Starting data transformation
[2026-02-12 13:42:15,257] 47 root - INFO - Entered get_data_transformer_object method of Transforamation class
[2026-02-12 13:42:15,258] 53 root - INFO - Initialise inputer with{'missing_values': nan, 'n_neighbors': 3, 'weights': 'uniform'}
[2026-02-12 13:42:15,280] 49 root - INFO - Entered the save_object method of Mainutils class
[2026-02-12 13:42:15,286] 53 root - INFO - Exited the save_object method of Mainutils class
[2026-02-12 13:42:15,286] 49 root - INFO - Entered the save_object method of Mainutils class
[2026-02-12 13:42:15,291] 53 root - INFO - Exited the save_object method of Mainutils class
[2026-02-12 13:42:15,293] 35 root - INFO - Completed Data Transformation
[2026-02-12 13:42:15,294] 37 root - INFO - Model Training Started
[2026-02-12 13:49:11,890] 49 root - INFO - Entered the save_object method of Mainutils class
[2026-02-12 13:49:11,921] 53 root - INFO - Exited the save_object method of Mainutils class
[2026-02-12 13:49:11,921] 49 root - INFO - Entered the save_object method of Mainutils class
[2026-02-12 13:49:11,947] 53 root - INFO - Exited the save_object method of Mainutils class
[2026-02-12 13:49:11,947] 128 root - INFO - Model trainer Artifact: ModelTrainerArtifact(trained_model_file_path='Artifacts\\model_trainer\\trained_model\\model.pkl', train_metric_artifact=ClassificationMetricArtifact(f1_score=0.9910514541387024, precision_score=0.9894416243654822, recall_score=0.9926665308616827), test_metric_artifact=ClassificationMetricArtifact(f1_score=0.9752988047808765, precision_score=0.9698890649762282, recall_score=0.9807692307692307))
[2026-02-12 13:49:11,951] 41 root - INFO - Model training artifact created
