[2026-02-11 22:08:57,656] 1025 httpx - INFO - HTTP Request: GET https://dagshub.com/api/v1/user "HTTP/1.1 200 OK"
[2026-02-11 22:08:57,673] 107 dagshub - INFO - Accessing as abhiramthota2210
[2026-02-11 22:08:58,585] 1025 httpx - INFO - HTTP Request: GET https://dagshub.com/api/v1/repos/abhiramthota2210/networksecurity "HTTP/1.1 200 OK"
[2026-02-11 22:08:59,494] 1025 httpx - INFO - HTTP Request: GET https://dagshub.com/api/v1/user "HTTP/1.1 200 OK"
[2026-02-11 22:08:59,498] 107 dagshub - INFO - Initialized MLflow to track repo "abhiramthota2210/networksecurity"
[2026-02-11 22:08:59,499] 107 dagshub - INFO - Repository abhiramthota2210/networksecurity initialized!
[2026-02-11 22:08:59,509] 17 root - INFO - Initiate data ingestion
[2026-02-11 22:09:03,872] 73 root - INFO - Performed train test split on the dataframe
[2026-02-11 22:09:03,872] 75 root - INFO - Excited split_data_as_train_test method of Data_Ingestion class
[2026-02-11 22:09:03,873] 79 root - INFO - Exporting train and test file path.
[2026-02-11 22:09:03,983] 84 root - INFO - Exported train and test path.
[2026-02-11 22:09:03,984] 20 root - INFO - Data initiation completed
[2026-02-11 22:09:03,995] 25 root - INFO - Initiate data validation
[2026-02-11 22:09:04,124] 36 root - INFO - Required number of columns: 2
[2026-02-11 22:09:04,124] 37 root - INFO - Dataframe has columns: 31
[2026-02-11 22:09:04,124] 36 root - INFO - Required number of columns: 2
[2026-02-11 22:09:04,125] 37 root - INFO - Dataframe has columns: 31
[2026-02-11 22:09:04,457] 28 root - INFO - Data validation completed
[2026-02-11 22:09:04,458] 29 root - INFO - Initiate data Transformation
[2026-02-11 22:09:04,458] 61 root - INFO - Entered initiate_data_transformation method of DataTransformation class
[2026-02-11 22:09:04,458] 64 root - INFO - Starting data transformation
[2026-02-11 22:09:04,504] 47 root - INFO - Entered get_data_transformer_object method of Transforamation class
[2026-02-11 22:09:04,504] 53 root - INFO - Initialise inputer with{'missing_values': nan, 'n_neighbors': 3, 'weights': 'uniform'}
[2026-02-11 22:09:04,534] 49 root - INFO - Entered the save_object method of Mainutils class
[2026-02-11 22:09:04,539] 53 root - INFO - Exited the save_object method of Mainutils class
[2026-02-11 22:09:04,539] 49 root - INFO - Entered the save_object method of Mainutils class
[2026-02-11 22:09:04,545] 53 root - INFO - Exited the save_object method of Mainutils class
[2026-02-11 22:09:04,547] 35 root - INFO - Completed Data Transformation
[2026-02-11 22:09:04,547] 37 root - INFO - Model Training Started
[2026-02-11 22:09:48,606] 49 root - INFO - Entered the save_object method of Mainutils class
[2026-02-11 22:09:48,616] 53 root - INFO - Exited the save_object method of Mainutils class
[2026-02-11 22:09:48,616] 49 root - INFO - Entered the save_object method of Mainutils class
[2026-02-11 22:09:48,623] 53 root - INFO - Exited the save_object method of Mainutils class
[2026-02-11 22:09:48,623] 128 root - INFO - Model trainer Artifact: ModelTrainerArtifact(trained_model_file_path='Artifacts\\model_trainer\\trained_model\\model.pkl', train_metric_artifact=ClassificationMetricArtifact(f1_score=0.9617770662397438, precision_score=0.9537606667989681, recall_score=0.9699293642785065), test_metric_artifact=ClassificationMetricArtifact(f1_score=0.9464579901153213, precision_score=0.9371941272430668, recall_score=0.9559068219633944))
[2026-02-11 22:09:48,624] 41 root - INFO - Model training artifact created
